<?xml version="1.0" encoding="UTF-8" standalone="yes" ?>
<test-results name="D:\Ecossistema-Axial\developer-friends-backend\.modules\Colligo\Test Delphi\Win32\Debug\PTestColligoString.exe" total="18" errors="0" failures="0" ignored="0" inconclusive="0" not-run="0" skipped="0" invalid="0" date="2026-07-06" time="0.004">
  <culture-info current-culture="en" current-uiculture="en" />
  <test-suite type="Assembly" name="PTestColligoString.exe" executed="true" result="Success" success="True" time="0.004" asserts="0">
    <results>
        <test-suite type="Namespace" name="UTestColligo" executed="true" result="Success" success="True" time="0.004" asserts="0" >
          <results>
              <test-suite type="Fixture" name="TColligoStringTest" executed="True" result="Success" success="True" time="0.004" >
                <results>
                  <test-case name="TestPartition" executed="True" result="Success" success="True" time="0.000" asserts="0" />
                  <test-case name="TestWhere" executed="True" result="Success" success="True" time="0.000" asserts="0" />
                  <test-case name="TestCollect" executed="True" result="Success" success="True" time="0.000" asserts="0" />
                  <test-case name="TestSelect" executed="True" result="Success" success="True" time="0.000" asserts="0" />
                  <test-case name="TestSelectMany" executed="True" result="Success" success="True" time="0.000" asserts="0" />
                  <test-case name="TestSum" executed="True" result="Success" success="True" time="0.000" asserts="0" />
                  <test-case name="TestFirst" executed="True" result="Success" success="True" time="0.000" asserts="0" />
                  <test-case name="TestLast" executed="True" result="Success" success="True" time="0.000" asserts="0" />
                  <test-case name="TestReduce" executed="True" result="Success" success="True" time="0.000" asserts="0" />
                  <test-case name="TestExists" executed="True" result="Success" success="True" time="0.000" asserts="0" />
                  <test-case name="TestAll" executed="True" result="Success" success="True" time="0.000" asserts="0" />
                  <test-case name="TestAny" executed="True" result="Success" success="True" time="0.000" asserts="0" />
                  <test-case name="TestSort" executed="True" result="Success" success="True" time="0.000" asserts="0" />
                  <test-case name="TestTake" executed="True" result="Success" success="True" time="0.000" asserts="0" />
                  <test-case name="TestSkip" executed="True" result="Success" success="True" time="0.000" asserts="0" />
                  <test-case name="TestGroupBy" executed="True" result="Success" success="True" time="0.000" asserts="0" />
                  <test-case name="TestReverse" executed="True" result="Success" success="True" time="0.000" asserts="0" />
                  <test-case name="TestCountWhere" executed="True" result="Success" success="True" time="0.000" asserts="0" />
                </results>
              </test-suite>
          </results>
        </test-suite>
    </results>
  </test-suite>
</test-results>
